# JRE version: OpenJDK Runtime Environment (21.0.10) (build 21.0.10+-14961533-b1163.108)
# Java VM: OpenJDK 64-Bit Server VM (21.0.10+-14961533-b1163.108, mixed mode, tiered, compressed oops, compressed class ptrs, g1 gc, windows-amd64)
GC Precious Log:
 CardTable entry size: 512
 Card Set container configuration: InlinePtr #cards 5 size 8 Array Of Cards #cards 12 size 40 Howl #buckets 4 coarsen threshold 1843 Howl Bitmap #cards 512 size 80 coarsen threshold 460 Card regions per heap region 1 cards per card region 2048
 CPUs: 8 total, 8 available
 Memory: 16224M
 Large Page Support: Disabled
 NUMA Support: Disabled
 Compressed Oops: Enabled (32-bit)
 Heap Region Size: 1M
 Heap Min Capacity: 8M
 Heap Initial Capacity: 254M
 Heap Max Capacity: 1G
 Pre-touch: Disabled
 Parallel Workers: 8
 Concurrent Workers: 2
 Concurrent Refinement Workers: 8
 Periodic GC: Disabled
Heap:
 garbage-first heap   total 137216K, used 120419K [0x00000000c0000000, 0x0000000100000000)
  region size 1024K, 30 young (30720K), 2 survivors (2048K)
 Metaspace       used 81767K, committed 83840K, reserved 1179648K
  class space    used 11386K, committed 12416K, reserved 1048576K
GC Heap History (20 events):
Event: 18.671 GC heap before
{Heap before GC invocations=17 (full 0):
 garbage-first heap   total 107520K, used 95554K [0x00000000c0000000, 0x0000000100000000)
  region size 1024K, 31 young (31744K), 4 survivors (4096K)
 Metaspace       used 60550K, committed 62400K, reserved 1114112K
  class space    used 8567K, committed 9472K, reserved 1048576K
}
Event: 18.676 GC heap after
{Heap after GC invocations=18 (full 0):
 garbage-first heap   total 107520K, used 68694K [0x00000000c0000000, 0x0000000100000000)
  region size 1024K, 2 young (2048K), 2 survivors (2048K)
 Metaspace       used 60550K, committed 62400K, reserved 1114112K
  class space    used 8567K, committed 9472K, reserved 1048576K
}
Event: 20.203 GC heap before
{Heap before GC invocations=18 (full 0):
 garbage-first heap   total 107520K, used 95318K [0x00000000c0000000, 0x0000000100000000)
  region size 1024K, 29 young (29696K), 2 survivors (2048K)
 Metaspace       used 63833K, committed 65600K, reserved 1114112K
  class space    used 9055K, committed 9920K, reserved 1048576K
}
Event: 20.216 GC heap after
{Heap after GC invocations=19 (full 0):
 garbage-first heap   total 107520K, used 70130K [0x00000000c0000000, 0x0000000100000000)
  region size 1024K, 3 young (3072K), 3 survivors (3072K)
 Metaspace       used 63833K, committed 65600K, reserved 1114112K
  class space    used 9055K, committed 9920K, reserved 1048576K
}
Event: 21.202 GC heap before
{Heap before GC invocations=20 (full 0):
 garbage-first heap   total 117760K, used 97778K [0x00000000c0000000, 0x0000000100000000)
  region size 1024K, 31 young (31744K), 3 survivors (3072K)
 Metaspace       used 67817K, committed 69696K, reserved 1114112K
  class space    used 9627K, committed 10560K, reserved 1048576K
}
Event: 21.206 GC heap after
{Heap after GC invocations=21 (full 0):
 garbage-first heap   total 117760K, used 71426K [0x00000000c0000000, 0x0000000100000000)
  region size 1024K, 3 young (3072K), 3 survivors (3072K)
 Metaspace       used 67817K, committed 69696K, reserved 1114112K
  class space    used 9627K, committed 10560K, reserved 1048576K
}
Event: 21.934 GC heap before
{Heap before GC invocations=21 (full 0):
 garbage-first heap   total 117760K, used 109314K [0x00000000c0000000, 0x0000000100000000)
  region size 1024K, 40 young (40960K), 3 survivors (3072K)
 Metaspace       used 72024K, committed 73984K, reserved 1114112K
  class space    used 10265K, committed 11200K, reserved 1048576K
}
Event: 21.941 GC heap after
{Heap after GC invocations=22 (full 0):
 garbage-first heap   total 117760K, used 72177K [0x00000000c0000000, 0x0000000100000000)
  region size 1024K, 5 young (5120K), 5 survivors (5120K)
 Metaspace       used 72024K, committed 73984K, reserved 1114112K
  class space    used 10265K, committed 11200K, reserved 1048576K
}
Event: 23.479 GC heap before
{Heap before GC invocations=22 (full 0):
 garbage-first heap   total 117760K, used 109041K [0x00000000c0000000, 0x0000000100000000)
  region size 1024K, 41 young (41984K), 5 survivors (5120K)
 Metaspace       used 74465K, committed 76480K, reserved 1114112K
  class space    used 10647K, committed 11584K, reserved 1048576K
}
Event: 23.486 GC heap after
{Heap after GC invocations=23 (full 0):
 garbage-first heap   total 118784K, used 75628K [0x00000000c0000000, 0x0000000100000000)
  region size 1024K, 6 young (6144K), 6 survivors (6144K)
 Metaspace       used 74465K, committed 76480K, reserved 1114112K
  class space    used 10647K, committed 11584K, reserved 1048576K
}
Event: 24.096 GC heap before
{Heap before GC invocations=24 (full 0):
 garbage-first heap   total 128000K, used 108396K [0x00000000c0000000, 0x0000000100000000)
  region size 1024K, 39 young (39936K), 6 survivors (6144K)
 Metaspace       used 74789K, committed 76736K, reserved 1179648K
  class space    used 10647K, committed 11584K, reserved 1048576K
}
Event: 24.106 GC heap after
{Heap after GC invocations=25 (full 0):
 garbage-first heap   total 128000K, used 79739K [0x00000000c0000000, 0x0000000100000000)
  region size 1024K, 5 young (5120K), 5 survivors (5120K)
 Metaspace       used 74789K, committed 76736K, reserved 1179648K
  class space    used 10647K, committed 11584K, reserved 1048576K
}
Event: 24.443 GC heap before
{Heap before GC invocations=25 (full 0):
 garbage-first heap   total 128000K, used 115579K [0x00000000c0000000, 0x0000000100000000)
  region size 1024K, 41 young (41984K), 5 survivors (5120K)
 Metaspace       used 74914K, committed 76928K, reserved 1179648K
  class space    used 10647K, committed 11584K, reserved 1048576K
}
Event: 24.447 GC heap after
{Heap after GC invocations=26 (full 0):
 garbage-first heap   total 128000K, used 79667K [0x00000000c0000000, 0x0000000100000000)
  region size 1024K, 4 young (4096K), 4 survivors (4096K)
 Metaspace       used 74914K, committed 76928K, reserved 1179648K
  class space    used 10647K, committed 11584K, reserved 1048576K
}
Event: 24.769 GC heap before
{Heap before GC invocations=26 (full 0):
 garbage-first heap   total 128000K, used 116531K [0x00000000c0000000, 0x0000000100000000)
  region size 1024K, 40 young (40960K), 4 survivors (4096K)
 Metaspace       used 74942K, committed 76928K, reserved 1179648K
  class space    used 10647K, committed 11584K, reserved 1048576K
}
Event: 24.773 GC heap after
{Heap after GC invocations=27 (full 0):
 garbage-first heap   total 128000K, used 80723K [0x00000000c0000000, 0x0000000100000000)
  region size 1024K, 4 young (4096K), 4 survivors (4096K)
 Metaspace       used 74942K, committed 76928K, reserved 1179648K
  class space    used 10647K, committed 11584K, reserved 1048576K
}
Event: 27.403 GC heap before
{Heap before GC invocations=28 (full 0):
 garbage-first heap   total 137216K, used 125779K [0x00000000c0000000, 0x0000000100000000)
  region size 1024K, 40 young (40960K), 4 survivors (4096K)
 Metaspace       used 76315K, committed 78272K, reserved 1179648K
  class space    used 10805K, committed 11776K, reserved 1048576K
}
Event: 27.408 GC heap after
{Heap after GC invocations=29 (full 0):
 garbage-first heap   total 137216K, used 94195K [0x00000000c0000000, 0x0000000100000000)
  region size 1024K, 5 young (5120K), 5 survivors (5120K)
 Metaspace       used 76315K, committed 78272K, reserved 1179648K
  class space    used 10805K, committed 11776K, reserved 1048576K
}
Event: 28.392 GC heap before
{Heap before GC invocations=29 (full 0):
 garbage-first heap   total 137216K, used 123891K [0x00000000c0000000, 0x0000000100000000)
  region size 1024K, 35 young (35840K), 5 survivors (5120K)
 Metaspace       used 78603K, committed 80640K, reserved 1179648K
  class space    used 11096K, committed 12096K, reserved 1048576K
}
Event: 28.402 GC heap after
{Heap after GC invocations=30 (full 0):
 garbage-first heap   total 137216K, used 93795K [0x00000000c0000000, 0x0000000100000000)
  region size 1024K, 2 young (2048K), 2 survivors (2048K)
 Metaspace       used 78603K, committed 80640K, reserved 1179648K
  class space    used 11096K, committed 12096K, reserved 1048576K
}

